<?xml version="1.0" encoding="UTF-8"?>
<testsuite xmlns:xsi="http://www.w3.org/2001/XMLSchema-instance" xsi:noNamespaceSchemaLocation="https://maven.apache.org/surefire/maven-surefire-plugin/xsd/surefire-test-report.xsd" version="3.0.2" name="com.akademiaplus.leadmanagement.usecases.DeleteDemoRequestUseCaseTest" time="0.133" tests="2" errors="0" skipped="0" failures="0" flakes="0">
  <properties>
[...]
</properties>
  <testcase name="shouldThrowEntityNotFoundException_whenDemoRequestDoesNotExist" classname="Not Found" time="0.121"/>
  <testcase name="shouldDeleteDemoRequest_whenItExists" classname="Successful Deletion" time="0.002"/>
</testsuite>